<?xml version="1.0" encoding="UTF-8"?>
<!-- Generated by org.testng.reporters.JUnitReportReporter -->
<testsuite hostname="DESKTOP-E2Q9IH9" failures="0" tests="2" name="com.testcases.SearchTest" time="20.922" errors="0" timestamp="2024-01-10T11:45:19 IST" skipped="0">
  <testcase classname="com.testcases.SearchTest" name="verify_AutoSuggestionList" time="8.260"/>
  <testcase classname="com.testcases.SearchTest" name="verify_SelectedProductAndOpenedProductMatches" time="12.662"/>
</testsuite> <!-- com.testcases.SearchTest -->
