<?xml version="1.0" encoding="UTF-8"?>
<!-- Generated by org.testng.reporters.JUnitReportReporter -->
<testsuite hostname="DESKTOP-E2Q9IH9" failures="0" tests="4" name="com.testcases.Loginpage" time="46.787" errors="0" timestamp="2024-01-07T01:52:48 IST" skipped="0">
  <testcase classname="com.testcases.Loginpage" name="verifyLogin" time="11.946"/>
  <testcase classname="com.testcases.Loginpage" name="verifyLogin" time="12.377"/>
  <testcase classname="com.testcases.Loginpage" name="verifyLogin1" time="11.906"/>
  <testcase classname="com.testcases.Loginpage" name="verifyLogin1" time="10.558"/>
</testsuite> <!-- com.testcases.Loginpage -->
