<?xml version="1.0" encoding="UTF-8"?>
<!-- Generated by org.testng.reporters.JUnitReportReporter -->
<testsuite hostname="DESKTOP-E2Q9IH9" failures="0" tests="1" name="com.testcases.Logintest" time="13.431" errors="0" timestamp="2024-01-07T01:54:54 IST" skipped="0">
  <testcase classname="com.testcases.Logintest" name="verifyLogin" time="13.431"/>
</testsuite> <!-- com.testcases.Logintest -->
