<?xml version="1.0" encoding="UTF-8"?>
<!-- Generated by org.testng.reporters.JUnitReportReporter -->
<testsuite hostname="DESKTOP-E2Q9IH9" failures="0" tests="2" name="com.testcases.RegisterTest" time="26.131" errors="0" timestamp="2024-01-07T01:53:35 IST" skipped="0">
  <testcase classname="com.testcases.RegisterTest" name="Verify_Registrationfunctionality" time="13.831"/>
  <testcase classname="com.testcases.RegisterTest" name="Verify_Login" time="12.300"/>
</testsuite> <!-- com.testcases.RegisterTest -->
