<?xml version="1.0" encoding="UTF-8"?>
<!-- Generated by org.testng.reporters.JUnitReportReporter -->
<testsuite hostname="DESKTOP-E2Q9IH9" failures="0" tests="2" name="com.testcases.SearchTest" time="23.082" errors="0" timestamp="2024-01-10T14:32:56 IST" skipped="0">
  <testcase classname="com.testcases.SearchTest" name="verify_AutoSuggestionList" time="9.084"/>
  <testcase classname="com.testcases.SearchTest" name="verify_SelectedProductAndOpenedProductMatches" time="13.998"/>
</testsuite> <!-- com.testcases.SearchTest -->
