<?xml version="1.0" encoding="UTF-8"?>
<!-- Generated by org.testng.reporters.JUnitReportReporter -->
<testsuite hostname="DESKTOP-E2Q9IH9" failures="0" tests="1" name="com.testcases.Logintest" time="15.074" errors="0" timestamp="2024-01-05T16:47:29 IST" skipped="0">
  <testcase classname="com.testcases.Logintest" name="verifyLogin" time="15.074"/>
</testsuite> <!-- com.testcases.Logintest -->
