<?xml version="1.0" encoding="UTF-8"?>
<!-- Generated by org.testng.reporters.JUnitReportReporter -->
<testsuite hostname="DESKTOP-E2Q9IH9" failures="0" tests="4" name="com.testcases.Loginpage" time="49.233" errors="0" timestamp="2024-01-06T22:31:42 IST" skipped="0">
  <testcase classname="com.testcases.Loginpage" name="verifyLogin" time="13.151"/>
  <testcase classname="com.testcases.Loginpage" name="verifyLogin" time="13.249"/>
  <testcase classname="com.testcases.Loginpage" name="verifyLogin1" time="12.658"/>
  <testcase classname="com.testcases.Loginpage" name="verifyLogin1" time="10.175"/>
</testsuite> <!-- com.testcases.Loginpage -->
