<?xml version="1.0" encoding="UTF-8"?>
<!-- Generated by org.testng.reporters.JUnitReportReporter -->
<testsuite hostname="DESKTOP-E2Q9IH9" failures="0" tests="3" name="com.testcases.LinksTest" time="158.485" errors="0" timestamp="2024-01-16T11:45:00 IST" skipped="0">
  <testcase classname="com.testcases.LinksTest" name="verifySpecialLinks" time="40.060"/>
  <testcase classname="com.testcases.LinksTest" name="verifyAccountLinks" time="36.502"/>
  <testcase classname="com.testcases.LinksTest" name="verifysocialMediaLinks" time="81.923">
    <system-out>
      <![CDATA[fa fa-twitter
fa fa-linkedin
fa fa-google-plus-square
fa fa-pinterest
fa fa-instagram
fa fa-facebook]]>
    </system-out>
  </testcase> <!-- verifysocialMediaLinks -->
  <system-out>
    <![CDATA[fa fa-twitter
fa fa-linkedin
fa fa-google-plus-square
fa fa-pinterest
fa fa-instagram
fa fa-facebook]]>
  </system-out>
</testsuite> <!-- com.testcases.LinksTest -->
