<?xml version="1.0" encoding="UTF-8"?>
<!-- Generated by org.testng.reporters.JUnitReportReporter -->
<testsuite hostname="DESKTOP-E2Q9IH9" failures="0" tests="2" name="com.testcases.RegisterTest" time="32.365" errors="0" timestamp="2024-01-05T16:45:35 IST" skipped="0">
  <testcase classname="com.testcases.RegisterTest" name="Verify_Registrationfunctionality" time="16.353"/>
  <testcase classname="com.testcases.RegisterTest" name="Verify_Login" time="16.012"/>
</testsuite> <!-- com.testcases.RegisterTest -->
