<?xml version="1.0" encoding="UTF-8"?>
<!-- Generated by org.testng.reporters.JUnitReportReporter -->
<testsuite hostname="DESKTOP-E2Q9IH9" failures="0" tests="8" name="com.testcases.Loginpage" time="87.665" errors="0" timestamp="2024-01-09T00:17:06 IST" skipped="0">
  <testcase classname="com.testcases.Loginpage" name="verifyForgotPassword" time="10.025"/>
  <testcase classname="com.testcases.Loginpage" name="verifyRememberme" time="9.144"/>
  <testcase classname="com.testcases.Loginpage" name="forgotPasswordEnable" time="9.315"/>
  <testcase classname="com.testcases.Loginpage" name="verifySignUp" time="10.604"/>
  <testcase classname="com.testcases.Loginpage" name="verifyLogin" time="12.087"/>
  <testcase classname="com.testcases.Loginpage" name="verifyLogin" time="14.925"/>
  <testcase classname="com.testcases.Loginpage" name="verifyLogin1" time="10.958"/>
  <testcase classname="com.testcases.Loginpage" name="verifyLogin1" time="10.607"/>
</testsuite> <!-- com.testcases.Loginpage -->
