<?xml version="1.0" encoding="UTF-8"?>
<!-- Generated by org.testng.reporters.JUnitReportReporter -->
<testsuite hostname="DESKTOP-E2Q9IH9" failures="0" tests="2" name="com.testcases.SearchTest" time="30.581" errors="0" timestamp="2024-01-09T00:21:56 IST" skipped="0">
  <testcase classname="com.testcases.SearchTest" name="verify_AutoSuggestionList" time="11.436"/>
  <testcase classname="com.testcases.SearchTest" name="verify_SelectedProductAndOpenedProductMatches" time="19.145"/>
</testsuite> <!-- com.testcases.SearchTest -->
